INFO:root:keyword: COMMAND, body of responce: LOGIN, current state: 0
INFO:root:keyword: DATA, body of responce: ['arseny', 'arseny'], current state: 1
INFO:root:keyword: DATA, body of responce: ['brother'], current state: 3
INFO:root:keyword: COMMAND, body of responce: LOGIN, current state: 0
INFO:root:keyword: DATA, body of responce: ['arseny', 'arseny'], current state: 1
INFO:root:keyword: DATA, body of responce: ['main'], current state: 3
INFO:root:keyword: COMMAND, body of responce: LOGIN, current state: 0
INFO:root:keyword: DATA, body of responce: ['arseny', 'arseny'], current state: 1
INFO:root:keyword: DATA, body of responce: ['main'], current state: 3
INFO:root:keyword: COMMAND, body of responce: LOGIN, current state: 0
INFO:root:keyword: DATA, body of responce: ['arseny', 'arseny'], current state: 1
INFO:root:keyword: DATA, body of responce: ['main'], current state: 3
INFO:root:keyword: DATA, body of responce: ['j'], current state: 5
INFO:root:keyword: DATA, body of responce: ['d', 'j', 'd', 'j', 'd'], current state: 5
ERROR:root:bad received data from client, current state in_chat
ERROR:root:we send ERROR request to client
INFO:root:keyword: DATA, body of responce: ['login'], current state: 0
ERROR:root:bad received command
ERROR:root:we send ERROR request to client
INFO:root:keyword: COMMAND, body of responce: LOGIN, current state: 0
INFO:root:keyword: DATA, body of responce: ['arseny', 'arseny'], current state: 1
INFO:root:keyword: DATA, body of responce: ['mian'], current state: 3
ERROR:root:no chat found with such name: mian
ERROR:root:bad received data from client, current state: main_menu
ERROR:root:we send ERROR request to client
INFO:root:keyword: DATA, body of responce: ['main'], current state: 3
INFO:root:keyword: DATA, body of responce: ['fjfjf'], current state: 5
INFO:root:keyword: DATA, body of responce: ['fkfkffkf fd dihefhe dhie dh'], current state: 5
INFO:root:keyword: COMMAND, body of responce: BACK, current state: 5
INFO:root:keyword: DATA, body of responce: ['main'], current state: 3
INFO:root:keyword: DATA, body of responce: ['hi'], current state: 5
